<?xml version="1.0" encoding="UTF-8"?>
<!-- Generated by org.testng.reporters.JUnitReportReporter -->
<testsuite hostname="DESKTOP-U3GQNCU" failures="0" tests="6" name="testCases.TC003_LoginDDT" time="35.582" errors="0" timestamp="2025-04-06T01:57:28 IST" skipped="0">
  <testcase classname="testCases.TC003_LoginDDT" name="verify_loginDDT" time="11.770"/>
  <testcase classname="testCases.TC003_LoginDDT" name="verify_loginDDT" time="2.659"/>
  <testcase classname="testCases.TC003_LoginDDT" name="verify_loginDDT" time="11.866"/>
  <testcase classname="testCases.TC003_LoginDDT" name="verify_loginDDT" time="3.068"/>
  <testcase classname="testCases.TC003_LoginDDT" name="verify_loginDDT" time="3.200"/>
  <testcase classname="testCases.TC003_LoginDDT" name="verify_loginDDT" time="3.019"/>
</testsuite> <!-- testCases.TC003_LoginDDT -->
