<?xml version="1.0" encoding="UTF-8"?>
<!-- Generated by org.testng.reporters.JUnitReportReporter -->
<testsuite hostname="DESKTOP-U3GQNCU" failures="0" tests="2" name="testCases.TC001_AccountRegistrationTest" time="6.558" errors="0" timestamp="2025-04-07T03:10:03 IST" skipped="0">
  <testcase classname="testCases.TC001_AccountRegistrationTest" name="verify_Account_Registration" time="3.168"/>
  <testcase classname="testCases.TC001_AccountRegistrationTest" name="verify_Account_Registration" time="3.390"/>
</testsuite> <!-- testCases.TC001_AccountRegistrationTest -->
