<?xml version="1.0" encoding="UTF-8"?>
<!-- Generated by org.testng.reporters.JUnitReportReporter -->
<testsuite hostname="DESKTOP-U3GQNCU" failures="0" tests="1" name="testCases.TC002_LoginTest" time="3.330" errors="0" timestamp="2025-04-07T18:01:09 IST" skipped="0">
  <testcase classname="testCases.TC002_LoginTest" name="verfy_Login" time="3.330"/>
</testsuite> <!-- testCases.TC002_LoginTest -->
